Determining if the pthread_create exist failed with the following output:
Change Dir: /home/chris/rosP/build/CMakeFiles/CMakeTmp

Run Build Command:"/usr/bin/make" "cmTC_fb7cb/fast"
/usr/bin/make -f CMakeFiles/cmTC_fb7cb.dir/build.make CMakeFiles/cmTC_fb7cb.dir/build
make[1]: 进入目录“/home/chris/rosP/build/CMakeFiles/CMakeTmp”
Building C object CMakeFiles/cmTC_fb7cb.dir/CheckSymbolExists.c.o
/usr/bin/cc    -o CMakeFiles/cmTC_fb7cb.dir/CheckSymbolExists.c.o   -c /home/chris/rosP/build/CMakeFiles/CMakeTmp/CheckSymbolExists.c
Linking C executable cmTC_fb7cb
/usr/bin/cmake -E cmake_link_script CMakeFiles/cmTC_fb7cb.dir/link.txt --verbose=1
/usr/bin/cc      -rdynamic CMakeFiles/cmTC_fb7cb.dir/CheckSymbolExists.c.o  -o cmTC_fb7cb 
CMakeFiles/cmTC_fb7cb.dir/CheckSymbolExists.c.o：在函数‘main’中：
CheckSymbolExists.c:(.text+0x1b)：对‘pthread_create’未定义的引用
collect2: error: ld returned 1 exit status
CMakeFiles/cmTC_fb7cb.dir/build.make:97: recipe for target 'cmTC_fb7cb' failed
make[1]: *** [cmTC_fb7cb] Error 1
make[1]: 离开目录“/home/chris/rosP/build/CMakeFiles/CMakeTmp”
Makefile:126: recipe for target 'cmTC_fb7cb/fast' failed
make: *** [cmTC_fb7cb/fast] Error 2

File /home/chris/rosP/build/CMakeFiles/CMakeTmp/CheckSymbolExists.c:
/* */
#include <pthread.h>

int main(int argc, char** argv)
{
  (void)argv;
#ifndef pthread_create
  return ((int*)(&pthread_create))[argc];
#else
  (void)argc;
  return 0;
#endif
}

Determining if the function pthread_create exists in the pthreads failed with the following output:
Change Dir: /home/chris/rosP/build/CMakeFiles/CMakeTmp

Run Build Command:"/usr/bin/make" "cmTC_e880f/fast"
/usr/bin/make -f CMakeFiles/cmTC_e880f.dir/build.make CMakeFiles/cmTC_e880f.dir/build
make[1]: 进入目录“/home/chris/rosP/build/CMakeFiles/CMakeTmp”
Building C object CMakeFiles/cmTC_e880f.dir/CheckFunctionExists.c.o
/usr/bin/cc   -DCHECK_FUNCTION_EXISTS=pthread_create   -o CMakeFiles/cmTC_e880f.dir/CheckFunctionExists.c.o   -c /usr/share/cmake-3.10/Modules/CheckFunctionExists.c
Linking C executable cmTC_e880f
/usr/bin/cmake -E cmake_link_script CMakeFiles/cmTC_e880f.dir/link.txt --verbose=1
/usr/bin/cc  -DCHECK_FUNCTION_EXISTS=pthread_create    -rdynamic CMakeFiles/cmTC_e880f.dir/CheckFunctionExists.c.o  -o cmTC_e880f -lpthreads 
/usr/bin/ld: 找不到 -lpthreads
collect2: error: ld returned 1 exit status
CMakeFiles/cmTC_e880f.dir/build.make:97: recipe for target 'cmTC_e880f' failed
make[1]: *** [cmTC_e880f] Error 1
make[1]: 离开目录“/home/chris/rosP/build/CMakeFiles/CMakeTmp”
Makefile:126: recipe for target 'cmTC_e880f/fast' failed
make: *** [cmTC_e880f/fast] Error 2


